Copyright 1986-2022 Xilinx, Inc. All Rights Reserved. Copyright 2022-2025 Advanced Micro Devices, Inc. All Rights Reserved.
---------------------------------------------------------------------------------------------------------------------------------------------
| Tool Version : Vivado v.2025.2 (win64) Build 6299465 Fri Nov 14 19:35:11 GMT 2025
| Date         : Thu Apr 30 15:04:31 2026
| Host         : PC-708 running 64-bit major release  (build 9200)
| Command      : report_control_sets -verbose -file function_gen_top_control_sets_placed.rpt
| Design       : function_gen_top
| Device       : xc7a50ti
---------------------------------------------------------------------------------------------------------------------------------------------

Control Set Information

Table of Contents
-----------------
1. Summary
2. Histogram
3. Flip-Flop Distribution
4. Detailed Control Set Information

1. Summary
----------

+----------------------------------------------------------+-------+
|                          Status                          | Count |
+----------------------------------------------------------+-------+
| Total control sets                                       |    13 |
|    Minimum number of control sets                        |    13 |
|    Addition due to synthesis replication                 |     0 |
|    Addition due to physical synthesis replication        |     0 |
| Unused register locations in slices containing registers |    53 |
+----------------------------------------------------------+-------+
* Control sets can be merged at opt_design using control_set_merge or merge_equivalent_drivers
** Run report_qor_suggestions for automated merging and remapping suggestions


2. Histogram
------------

+--------------------+-------+
|       Fanout       | Count |
+--------------------+-------+
| Total control sets |    13 |
| >= 0 to < 4        |     0 |
| >= 4 to < 6        |     5 |
| >= 6 to < 8        |     0 |
| >= 8 to < 10       |     1 |
| >= 10 to < 12      |     0 |
| >= 12 to < 14      |     0 |
| >= 14 to < 16      |     1 |
| >= 16              |     6 |
+--------------------+-------+
* Control sets can be remapped at either synth_design or opt_design


3. Flip-Flop Distribution
-------------------------

+--------------+-----------------------+------------------------+-----------------+--------------+
| Clock Enable | Synchronous Set/Reset | Asynchronous Set/Reset | Total Registers | Total Slices |
+--------------+-----------------------+------------------------+-----------------+--------------+
| No           | No                    | No                     |               0 |            0 |
| No           | No                    | Yes                    |               0 |            0 |
| No           | Yes                   | No                     |             133 |           42 |
| Yes          | No                    | No                     |               0 |            0 |
| Yes          | No                    | Yes                    |               0 |            0 |
| Yes          | Yes                   | No                     |              46 |           12 |
+--------------+-----------------------+------------------------+-----------------+--------------+


4. Detailed Control Set Information
-----------------------------------

+----------------+-------------------------+----------------------------------------------------------------+------------------+----------------+--------------+
|  Clock Signal  |      Enable Signal      |                        Set/Reset Signal                        | Slice Load Count | Bel Load Count | Bels / Slice |
+----------------+-------------------------+----------------------------------------------------------------+------------------+----------------+--------------+
|  clk_IBUF_BUFG | debounce_u/clock_0/E[0] | btnc_IBUF                                                      |                1 |              4 |         4.00 |
|  clk_IBUF_BUFG | debounce_d/clock_0/E[0] | btnc_IBUF                                                      |                2 |              4 |         2.00 |
|  clk_IBUF_BUFG | debounce_l/clock_0/E[0] | btnc_IBUF                                                      |                1 |              4 |         4.00 |
|  clk_IBUF_BUFG | debounce_r/clock_0/E[0] | btnc_IBUF                                                      |                1 |              4 |         4.00 |
|  clk_IBUF_BUFG |                         | clk_en_2/s_cnt[4]_i_1__0_n_0                                   |                1 |              5 |         5.00 |
|  clk_IBUF_BUFG |                         | clk_en_1/clear                                                 |                2 |              8 |         4.00 |
|  clk_IBUF_BUFG |                         | display_driver_direct_data_inst/clock_en_0/s_cnt[0]_i_1__5_n_0 |                4 |             14 |         3.50 |
|  clk_IBUF_BUFG |                         | debounce_u/clock_0/s_cnt[0]_i_1__1_n_0                         |                5 |             18 |         3.60 |
|  clk_IBUF_BUFG |                         | debounce_d/clock_0/s_cnt[0]_i_1__2_n_0                         |                5 |             18 |         3.60 |
|  clk_IBUF_BUFG |                         | debounce_l/clock_0/s_cnt[0]_i_1__4_n_0                         |                5 |             18 |         3.60 |
|  clk_IBUF_BUFG |                         | debounce_r/clock_0/s_cnt[0]_i_1__3_n_0                         |                5 |             18 |         3.60 |
|  clk_IBUF_BUFG | counter_per_select/E[0] | btnc_IBUF                                                      |                7 |             30 |         4.29 |
|  clk_IBUF_BUFG |                         | btnc_IBUF                                                      |               15 |             34 |         2.27 |
+----------------+-------------------------+----------------------------------------------------------------+------------------+----------------+--------------+


